[debug] [2021-11-22T10:34:02.472Z] ----------------------------------------------------------------------
[debug] [2021-11-22T10:34:02.475Z] Command:       C:\Program Files\nodejs\node.exe C:\Users\Asus\AppData\Roaming\npm\node_modules\firebase-tools\lib\bin\firebase.js init
[debug] [2021-11-22T10:34:02.476Z] CLI Version:   9.23.0
[debug] [2021-11-22T10:34:02.476Z] Platform:      win32
[debug] [2021-11-22T10:34:02.477Z] Node Version:  v14.17.0
[debug] [2021-11-22T10:34:02.477Z] Time:          Mon Nov 22 2021 14:04:02 GMT+0330 (Iran Standard Time)
[debug] [2021-11-22T10:34:02.478Z] ----------------------------------------------------------------------
[debug] 
[debug] [2021-11-22T10:34:02.482Z] >>> [apiv2][query] GET https://firebase-public.firebaseio.com/cli.json [none]
[debug] [2021-11-22T10:34:02.552Z] > command requires scopes: ["email","openid","https://www.googleapis.com/auth/cloudplatformprojects.readonly","https://www.googleapis.com/auth/firebase","https://www.googleapis.com/auth/cloud-platform"]
[debug] [2021-11-22T10:34:02.552Z] > authorizing via signed-in user (mohammadnv79@gmail.com)
[info] 
     ######## #### ########  ######## ########     ###     ######  ########
     ##        ##  ##     ## ##       ##     ##  ##   ##  ##       ##
     ######    ##  ########  ######   ########  #########  ######  ######
     ##        ##  ##    ##  ##       ##     ## ##     ##       ## ##
     ##       #### ##     ## ######## ########  ##     ##  ######  ########

You're about to initialize a Firebase project in this directory:

  C:\Users\Asus\Desktop\New folder

Before we get started, keep in mind:

  * You are initializing within an existing Firebase project directory

[debug] [2021-11-22T10:34:04.039Z] <<< [apiv2][status] GET https://firebase-public.firebaseio.com/cli.json 200
[debug] [2021-11-22T10:34:04.040Z] <<< [apiv2][body] GET https://firebase-public.firebaseio.com/cli.json {"cloudBuildErrorAfter":1594252800000,"cloudBuildWarnAfter":1590019200000,"defaultNode10After":1594252800000,"minVersion":"3.0.5","node8DeploysDisabledAfter":1613390400000,"node8RuntimeDisabledAfter":1615809600000,"node8WarnAfter":1600128000000}
[info] 
=== Project Setup
[info] 
[info] First, let's associate this project directory with a Firebase project.
[info] You can create multiple project aliases by running firebase use --add, 
[info] but for now we'll just set up a default project.
[info] 
[info] i  .firebaserc already has a default project, using disneyplus-clone-a33d5. 
[debug] [2021-11-22T10:34:20.520Z] > refreshing access token with scopes: []
[debug] [2021-11-22T10:34:20.520Z] >>> HTTP REQUEST POST https://www.googleapis.com/oauth2/v3/token  
 <request body omitted>
[debug] [2021-11-22T10:34:21.452Z] <<< HTTP RESPONSE 200 {"date":"Mon, 22 Nov 2021 10:34:20 GMT","cache-control":"no-cache, no-store, max-age=0, must-revalidate","pragma":"no-cache","expires":"Mon, 01 Jan 1990 00:00:00 GMT","content-type":"application/json; charset=utf-8","vary":"X-Origin, Referer, Origin,Accept-Encoding","server":"scaffolding on HTTPServer2","x-xss-protection":"0","x-frame-options":"SAMEORIGIN","x-content-type-options":"nosniff","alt-svc":"h3=\":443\"; ma=2592000,h3-29=\":443\"; ma=2592000,h3-Q050=\":443\"; ma=2592000,h3-Q046=\":443\"; ma=2592000,h3-Q043=\":443\"; ma=2592000,quic=\":443\"; ma=2592000; v=\"46,43\"","accept-ranges":"none","transfer-encoding":"chunked"}
[debug] [2021-11-22T10:34:21.466Z] >>> [apiv2][query] GET https://firebase.googleapis.com/v1beta1/projects/disneyplus-clone-a33d5 [none]
[debug] [2021-11-22T10:34:23.057Z] <<< [apiv2][status] GET https://firebase.googleapis.com/v1beta1/projects/disneyplus-clone-a33d5 403
[debug] [2021-11-22T10:34:23.057Z] <<< [apiv2][body] GET https://firebase.googleapis.com/v1beta1/projects/disneyplus-clone-a33d5 {"error":{"code":403,"message":"The caller does not have permission","status":"PERMISSION_DENIED"}}
[debug] [2021-11-22T10:34:23.058Z] HTTP Error: 403, The caller does not have permission
[debug] [2021-11-22T10:34:23.369Z] FirebaseError: HTTP Error: 403, The caller does not have permission
    at module.exports (C:\Users\Asus\AppData\Roaming\npm\node_modules\firebase-tools\lib\responseToError.js:38:12)
    at Client.doRequest (C:\Users\Asus\AppData\Roaming\npm\node_modules\firebase-tools\lib\apiv2.js:241:23)
    at processTicksAndRejections (internal/process/task_queues.js:95:5)
    at async Client.request (C:\Users\Asus\AppData\Roaming\npm\node_modules\firebase-tools\lib\apiv2.js:96:20)
    at async Object.getFirebaseProject (C:\Users\Asus\AppData\Roaming\npm\node_modules\firebase-tools\lib\management\projects.js:290:21)
    at async Object.doSetup [as project] (C:\Users\Asus\AppData\Roaming\npm\node_modules\firebase-tools\lib\init\features\project.js:77:27)
    at async init (C:\Users\Asus\AppData\Roaming\npm\node_modules\firebase-tools\lib\init\index.js:19:9)
[error] 
[error] Error: Failed to get Firebase project disneyplus-clone-a33d5. Please make sure the project exists and your account has permission to access it.
